[31m[31merror[31m[39m:   uncaughtException: querySrv ENOTFOUND _mongodb._tcp.lesson.drb3m.mongodb.net
Error: querySrv ENOTFOUND _mongodb._tcp.lesson.drb3m.mongodb.net
    at QueryReqWrap.onresolve [as oncomplete] (dns.js:203:19)
[31m[31merror[31m[39m:   uncaughtException: fromObj.toObject is not a function
TypeError: fromObj.toObject is not a function
    at Object.exports.mergeClone (C:\Users\58Y520\Documents\RollingScopes\node_server\node_modules\mongoose\lib\utils.js:812:23)
    at model.Query.Query._mergeUpdate (C:\Users\58Y520\Documents\RollingScopes\node_server\node_modules\mongoose\lib\query.js:3696:11)
    at _update (C:\Users\58Y520\Documents\RollingScopes\node_server\node_modules\mongoose\lib\query.js:4228:9)
    at model.Query.Query.updateOne (C:\Users\58Y520\Documents\RollingScopes\node_server\node_modules\mongoose\lib\query.js:4131:10)
    at _update (C:\Users\58Y520\Documents\RollingScopes\node_server\node_modules\mongoose\lib\model.js:3757:16)
    at Function.updateOne (C:\Users\58Y520\Documents\RollingScopes\node_server\node_modules\mongoose\lib\model.js:3693:10)
    at Object.update (C:\Users\58Y520\Documents\RollingScopes\node_server\src\resources\tasks\task.memory.repository.js:39:35)
    at Object.update (C:\Users\58Y520\Documents\RollingScopes\node_server\src\resources\tasks\task.service.js:11:40)
    at C:\Users\58Y520\Documents\RollingScopes\node_server\src\resources\users\user.service.js:19:19
    at Array.forEach (<anonymous>)
    at Object.remove (C:\Users\58Y520\Documents\RollingScopes\node_server\src\resources\users\user.service.js:17:9)
    at processTicksAndRejections (internal/process/task_queues.js:97:5)
    at async C:\Users\58Y520\Documents\RollingScopes\node_server\src\resources\users\user.router.js:26:3
[31m[31merror[31m[39m:   uncaughtException: fromObj.toObject is not a function
TypeError: fromObj.toObject is not a function
    at Object.exports.mergeClone (C:\Users\58Y520\Documents\RollingScopes\node_server\node_modules\mongoose\lib\utils.js:812:23)
    at model.Query.Query._mergeUpdate (C:\Users\58Y520\Documents\RollingScopes\node_server\node_modules\mongoose\lib\query.js:3696:11)
    at _update (C:\Users\58Y520\Documents\RollingScopes\node_server\node_modules\mongoose\lib\query.js:4228:9)
    at model.Query.Query.updateOne (C:\Users\58Y520\Documents\RollingScopes\node_server\node_modules\mongoose\lib\query.js:4131:10)
    at _update (C:\Users\58Y520\Documents\RollingScopes\node_server\node_modules\mongoose\lib\model.js:3757:16)
    at Function.updateOne (C:\Users\58Y520\Documents\RollingScopes\node_server\node_modules\mongoose\lib\model.js:3693:10)
    at Object.update (C:\Users\58Y520\Documents\RollingScopes\node_server\src\resources\tasks\task.memory.repository.js:39:35)
    at Object.update (C:\Users\58Y520\Documents\RollingScopes\node_server\src\resources\tasks\task.service.js:11:40)
    at C:\Users\58Y520\Documents\RollingScopes\node_server\src\resources\users\user.service.js:19:19
    at Array.forEach (<anonymous>)
    at Object.remove (C:\Users\58Y520\Documents\RollingScopes\node_server\src\resources\users\user.service.js:17:9)
    at processTicksAndRejections (internal/process/task_queues.js:97:5)
    at async C:\Users\58Y520\Documents\RollingScopes\node_server\src\resources\users\user.router.js:26:3
[31m[31merror[31m[39m:   uncaughtException: fromObj.toObject is not a function
TypeError: fromObj.toObject is not a function
    at Object.exports.mergeClone (C:\Users\58Y520\Documents\RollingScopes\node_server\node_modules\mongoose\lib\utils.js:812:23)
    at model.Query.Query._mergeUpdate (C:\Users\58Y520\Documents\RollingScopes\node_server\node_modules\mongoose\lib\query.js:3696:11)
    at _update (C:\Users\58Y520\Documents\RollingScopes\node_server\node_modules\mongoose\lib\query.js:4228:9)
    at model.Query.Query.updateOne (C:\Users\58Y520\Documents\RollingScopes\node_server\node_modules\mongoose\lib\query.js:4131:10)
    at _update (C:\Users\58Y520\Documents\RollingScopes\node_server\node_modules\mongoose\lib\model.js:3757:16)
    at Function.updateOne (C:\Users\58Y520\Documents\RollingScopes\node_server\node_modules\mongoose\lib\model.js:3693:10)
    at Object.update (C:\Users\58Y520\Documents\RollingScopes\node_server\src\resources\tasks\task.memory.repository.js:39:35)
    at Object.update (C:\Users\58Y520\Documents\RollingScopes\node_server\src\resources\tasks\task.service.js:11:40)
    at C:\Users\58Y520\Documents\RollingScopes\node_server\src\resources\users\user.service.js:19:19
    at Array.forEach (<anonymous>)
    at Object.remove (C:\Users\58Y520\Documents\RollingScopes\node_server\src\resources\users\user.service.js:17:9)
    at processTicksAndRejections (internal/process/task_queues.js:97:5)
    at async C:\Users\58Y520\Documents\RollingScopes\node_server\src\resources\users\user.router.js:26:3
[31m[31merror[31m[39m:   uncaughtException: fromObj.toObject is not a function
TypeError: fromObj.toObject is not a function
    at Object.exports.mergeClone (C:\Users\58Y520\Documents\RollingScopes\node_server\node_modules\mongoose\lib\utils.js:812:23)
    at model.Query.Query._mergeUpdate (C:\Users\58Y520\Documents\RollingScopes\node_server\node_modules\mongoose\lib\query.js:3696:11)
    at _update (C:\Users\58Y520\Documents\RollingScopes\node_server\node_modules\mongoose\lib\query.js:4228:9)
    at model.Query.Query.updateOne (C:\Users\58Y520\Documents\RollingScopes\node_server\node_modules\mongoose\lib\query.js:4131:10)
    at _update (C:\Users\58Y520\Documents\RollingScopes\node_server\node_modules\mongoose\lib\model.js:3757:16)
    at Function.updateOne (C:\Users\58Y520\Documents\RollingScopes\node_server\node_modules\mongoose\lib\model.js:3693:10)
    at Object.update (C:\Users\58Y520\Documents\RollingScopes\node_server\src\resources\tasks\task.memory.repository.js:39:35)
    at Object.update (C:\Users\58Y520\Documents\RollingScopes\node_server\src\resources\tasks\task.service.js:11:40)
    at C:\Users\58Y520\Documents\RollingScopes\node_server\src\resources\users\user.service.js:19:19
    at Array.forEach (<anonymous>)
    at Object.remove (C:\Users\58Y520\Documents\RollingScopes\node_server\src\resources\users\user.service.js:17:9)
    at processTicksAndRejections (internal/process/task_queues.js:97:5)
    at async C:\Users\58Y520\Documents\RollingScopes\node_server\src\resources\users\user.router.js:26:3
[31m[31merror[31m[39m:   uncaughtException: fromObj.toObject is not a function
TypeError: fromObj.toObject is not a function
    at Object.exports.mergeClone (C:\Users\58Y520\Documents\RollingScopes\node_server\node_modules\mongoose\lib\utils.js:812:23)
    at model.Query.Query._mergeUpdate (C:\Users\58Y520\Documents\RollingScopes\node_server\node_modules\mongoose\lib\query.js:3696:11)
    at _update (C:\Users\58Y520\Documents\RollingScopes\node_server\node_modules\mongoose\lib\query.js:4228:9)
    at model.Query.Query.updateOne (C:\Users\58Y520\Documents\RollingScopes\node_server\node_modules\mongoose\lib\query.js:4131:10)
    at _update (C:\Users\58Y520\Documents\RollingScopes\node_server\node_modules\mongoose\lib\model.js:3757:16)
    at Function.updateOne (C:\Users\58Y520\Documents\RollingScopes\node_server\node_modules\mongoose\lib\model.js:3693:10)
    at Object.update (C:\Users\58Y520\Documents\RollingScopes\node_server\src\resources\tasks\task.memory.repository.js:39:35)
    at Object.update (C:\Users\58Y520\Documents\RollingScopes\node_server\src\resources\tasks\task.service.js:11:40)
    at C:\Users\58Y520\Documents\RollingScopes\node_server\src\resources\users\user.service.js:19:19
    at Array.forEach (<anonymous>)
    at Object.remove (C:\Users\58Y520\Documents\RollingScopes\node_server\src\resources\users\user.service.js:16:9)
    at processTicksAndRejections (internal/process/task_queues.js:97:5)
    at async C:\Users\58Y520\Documents\RollingScopes\node_server\src\resources\users\user.router.js:26:3
[31m[31merror[31m[39m:   uncaughtException: fromObj.toObject is not a function
TypeError: fromObj.toObject is not a function
    at Object.exports.mergeClone (C:\Users\58Y520\Documents\RollingScopes\node_server\node_modules\mongoose\lib\utils.js:812:23)
    at model.Query.Query._mergeUpdate (C:\Users\58Y520\Documents\RollingScopes\node_server\node_modules\mongoose\lib\query.js:3696:11)
    at _update (C:\Users\58Y520\Documents\RollingScopes\node_server\node_modules\mongoose\lib\query.js:4228:9)
    at model.Query.Query.updateOne (C:\Users\58Y520\Documents\RollingScopes\node_server\node_modules\mongoose\lib\query.js:4131:10)
    at _update (C:\Users\58Y520\Documents\RollingScopes\node_server\node_modules\mongoose\lib\model.js:3757:16)
    at Function.updateOne (C:\Users\58Y520\Documents\RollingScopes\node_server\node_modules\mongoose\lib\model.js:3693:10)
    at Object.update (C:\Users\58Y520\Documents\RollingScopes\node_server\src\resources\tasks\task.memory.repository.js:39:35)
    at Object.update (C:\Users\58Y520\Documents\RollingScopes\node_server\src\resources\tasks\task.service.js:11:40)
    at C:\Users\58Y520\Documents\RollingScopes\node_server\src\resources\users\user.service.js:19:19
    at Array.forEach (<anonymous>)
    at Object.remove (C:\Users\58Y520\Documents\RollingScopes\node_server\src\resources\users\user.service.js:16:9)
    at processTicksAndRejections (internal/process/task_queues.js:97:5)
    at async C:\Users\58Y520\Documents\RollingScopes\node_server\src\resources\users\user.router.js:26:3
[31m[31merror[31m[39m:   uncaughtException: fromObj.toObject is not a function
TypeError: fromObj.toObject is not a function
    at Object.exports.mergeClone (C:\Users\58Y520\Documents\RollingScopes\node_server\node_modules\mongoose\lib\utils.js:812:23)
    at model.Query.Query._mergeUpdate (C:\Users\58Y520\Documents\RollingScopes\node_server\node_modules\mongoose\lib\query.js:3696:11)
    at _update (C:\Users\58Y520\Documents\RollingScopes\node_server\node_modules\mongoose\lib\query.js:4228:9)
    at model.Query.Query.updateOne (C:\Users\58Y520\Documents\RollingScopes\node_server\node_modules\mongoose\lib\query.js:4131:10)
    at _update (C:\Users\58Y520\Documents\RollingScopes\node_server\node_modules\mongoose\lib\model.js:3757:16)
    at Function.updateOne (C:\Users\58Y520\Documents\RollingScopes\node_server\node_modules\mongoose\lib\model.js:3693:10)
    at Object.update (C:\Users\58Y520\Documents\RollingScopes\node_server\src\resources\tasks\task.memory.repository.js:39:35)
    at Object.update (C:\Users\58Y520\Documents\RollingScopes\node_server\src\resources\tasks\task.service.js:11:40)
    at C:\Users\58Y520\Documents\RollingScopes\node_server\src\resources\users\user.service.js:19:19
    at Array.forEach (<anonymous>)
    at Object.remove (C:\Users\58Y520\Documents\RollingScopes\node_server\src\resources\users\user.service.js:16:9)
    at processTicksAndRejections (internal/process/task_queues.js:97:5)
    at async C:\Users\58Y520\Documents\RollingScopes\node_server\src\resources\users\user.router.js:26:3
[31m[31merror[31m[39m:   uncaughtException: fromObj.toObject is not a function
TypeError: fromObj.toObject is not a function
    at Object.exports.mergeClone (C:\Users\58Y520\Documents\RollingScopes\node_server\node_modules\mongoose\lib\utils.js:812:23)
    at model.Query.Query._mergeUpdate (C:\Users\58Y520\Documents\RollingScopes\node_server\node_modules\mongoose\lib\query.js:3696:11)
    at _update (C:\Users\58Y520\Documents\RollingScopes\node_server\node_modules\mongoose\lib\query.js:4228:9)
    at model.Query.Query.updateOne (C:\Users\58Y520\Documents\RollingScopes\node_server\node_modules\mongoose\lib\query.js:4131:10)
    at _update (C:\Users\58Y520\Documents\RollingScopes\node_server\node_modules\mongoose\lib\model.js:3757:16)
    at Function.updateOne (C:\Users\58Y520\Documents\RollingScopes\node_server\node_modules\mongoose\lib\model.js:3693:10)
    at Object.update (C:\Users\58Y520\Documents\RollingScopes\node_server\src\resources\tasks\task.memory.repository.js:39:35)
    at Object.update (C:\Users\58Y520\Documents\RollingScopes\node_server\src\resources\tasks\task.service.js:11:40)
    at C:\Users\58Y520\Documents\RollingScopes\node_server\src\resources\users\user.service.js:19:19
    at Array.forEach (<anonymous>)
    at Object.remove (C:\Users\58Y520\Documents\RollingScopes\node_server\src\resources\users\user.service.js:16:9)
    at processTicksAndRejections (internal/process/task_queues.js:97:5)
    at async C:\Users\58Y520\Documents\RollingScopes\node_server\src\resources\users\user.router.js:26:3
[31m[31merror[31m[39m:   uncaughtException: fromObj.toObject is not a function
TypeError: fromObj.toObject is not a function
    at Object.exports.mergeClone (C:\Users\58Y520\Documents\RollingScopes\node_server\node_modules\mongoose\lib\utils.js:812:23)
    at model.Query.Query._mergeUpdate (C:\Users\58Y520\Documents\RollingScopes\node_server\node_modules\mongoose\lib\query.js:3696:11)
    at _update (C:\Users\58Y520\Documents\RollingScopes\node_server\node_modules\mongoose\lib\query.js:4228:9)
    at model.Query.Query.updateOne (C:\Users\58Y520\Documents\RollingScopes\node_server\node_modules\mongoose\lib\query.js:4131:10)
    at _update (C:\Users\58Y520\Documents\RollingScopes\node_server\node_modules\mongoose\lib\model.js:3757:16)
    at Function.updateOne (C:\Users\58Y520\Documents\RollingScopes\node_server\node_modules\mongoose\lib\model.js:3693:10)
    at Object.update (C:\Users\58Y520\Documents\RollingScopes\node_server\src\resources\tasks\task.memory.repository.js:40:35)
    at Object.update (C:\Users\58Y520\Documents\RollingScopes\node_server\src\resources\tasks\task.service.js:11:40)
    at C:\Users\58Y520\Documents\RollingScopes\node_server\src\resources\users\user.service.js:19:19
    at Array.forEach (<anonymous>)
    at Object.remove (C:\Users\58Y520\Documents\RollingScopes\node_server\src\resources\users\user.service.js:16:9)
    at processTicksAndRejections (internal/process/task_queues.js:97:5)
    at async C:\Users\58Y520\Documents\RollingScopes\node_server\src\resources\users\user.router.js:26:3
[31m[31merror[31m[39m:   uncaughtException: fromObj.toObject is not a function
TypeError: fromObj.toObject is not a function
    at Object.exports.mergeClone (C:\Users\58Y520\Documents\RollingScopes\node_server\node_modules\mongoose\lib\utils.js:812:23)
    at model.Query.Query._mergeUpdate (C:\Users\58Y520\Documents\RollingScopes\node_server\node_modules\mongoose\lib\query.js:3696:11)
    at _update (C:\Users\58Y520\Documents\RollingScopes\node_server\node_modules\mongoose\lib\query.js:4228:9)
    at model.Query.Query.updateOne (C:\Users\58Y520\Documents\RollingScopes\node_server\node_modules\mongoose\lib\query.js:4131:10)
    at _update (C:\Users\58Y520\Documents\RollingScopes\node_server\node_modules\mongoose\lib\model.js:3757:16)
    at Function.updateOne (C:\Users\58Y520\Documents\RollingScopes\node_server\node_modules\mongoose\lib\model.js:3693:10)
    at Object.update (C:\Users\58Y520\Documents\RollingScopes\node_server\src\resources\tasks\task.memory.repository.js:40:35)
    at Object.update (C:\Users\58Y520\Documents\RollingScopes\node_server\src\resources\tasks\task.service.js:11:40)
    at C:\Users\58Y520\Documents\RollingScopes\node_server\src\resources\users\user.service.js:19:19
    at Array.forEach (<anonymous>)
    at Object.remove (C:\Users\58Y520\Documents\RollingScopes\node_server\src\resources\users\user.service.js:16:9)
    at processTicksAndRejections (internal/process/task_queues.js:97:5)
    at async C:\Users\58Y520\Documents\RollingScopes\node_server\src\resources\users\user.router.js:26:3
[31m[31merror[31m[39m:   uncaughtException: fromObj.toObject is not a function
TypeError: fromObj.toObject is not a function
    at Object.exports.mergeClone (C:\Users\58Y520\Documents\RollingScopes\node_server\node_modules\mongoose\lib\utils.js:812:23)
    at model.Query.Query._mergeUpdate (C:\Users\58Y520\Documents\RollingScopes\node_server\node_modules\mongoose\lib\query.js:3696:11)
    at _update (C:\Users\58Y520\Documents\RollingScopes\node_server\node_modules\mongoose\lib\query.js:4228:9)
    at model.Query.Query.updateOne (C:\Users\58Y520\Documents\RollingScopes\node_server\node_modules\mongoose\lib\query.js:4131:10)
    at _update (C:\Users\58Y520\Documents\RollingScopes\node_server\node_modules\mongoose\lib\model.js:3757:16)
    at Function.updateOne (C:\Users\58Y520\Documents\RollingScopes\node_server\node_modules\mongoose\lib\model.js:3693:10)
    at Object.update (C:\Users\58Y520\Documents\RollingScopes\node_server\src\resources\tasks\task.memory.repository.js:40:35)
    at Object.update (C:\Users\58Y520\Documents\RollingScopes\node_server\src\resources\tasks\task.service.js:11:40)
    at C:\Users\58Y520\Documents\RollingScopes\node_server\src\resources\users\user.service.js:20:19
    at Array.forEach (<anonymous>)
    at Object.remove (C:\Users\58Y520\Documents\RollingScopes\node_server\src\resources\users\user.service.js:16:9)
    at processTicksAndRejections (internal/process/task_queues.js:97:5)
    at async C:\Users\58Y520\Documents\RollingScopes\node_server\src\resources\users\user.router.js:26:3
[31m[31merror[31m[39m:   uncaughtException: fromObj.toObject is not a function
TypeError: fromObj.toObject is not a function
    at Object.exports.mergeClone (C:\Users\58Y520\Documents\RollingScopes\node_server\node_modules\mongoose\lib\utils.js:812:23)
    at model.Query.Query._mergeUpdate (C:\Users\58Y520\Documents\RollingScopes\node_server\node_modules\mongoose\lib\query.js:3696:11)
    at _update (C:\Users\58Y520\Documents\RollingScopes\node_server\node_modules\mongoose\lib\query.js:4228:9)
    at model.Query.Query.updateOne (C:\Users\58Y520\Documents\RollingScopes\node_server\node_modules\mongoose\lib\query.js:4131:10)
    at _update (C:\Users\58Y520\Documents\RollingScopes\node_server\node_modules\mongoose\lib\model.js:3757:16)
    at Function.updateOne (C:\Users\58Y520\Documents\RollingScopes\node_server\node_modules\mongoose\lib\model.js:3693:10)
    at Object.update (C:\Users\58Y520\Documents\RollingScopes\node_server\src\resources\tasks\task.memory.repository.js:40:35)
    at Object.update (C:\Users\58Y520\Documents\RollingScopes\node_server\src\resources\tasks\task.service.js:11:40)
    at C:\Users\58Y520\Documents\RollingScopes\node_server\src\resources\users\user.service.js:20:19
    at Array.forEach (<anonymous>)
    at Object.remove (C:\Users\58Y520\Documents\RollingScopes\node_server\src\resources\users\user.service.js:16:9)
    at processTicksAndRejections (internal/process/task_queues.js:97:5)
    at async C:\Users\58Y520\Documents\RollingScopes\node_server\src\resources\users\user.router.js:26:3
[31m[31merror[31m[39m:   uncaughtException: Couldn't find a task with id: dfb04ac5-5b4a-4356-89bc-da3da86d23a9
Error: Couldn't find a task with id: dfb04ac5-5b4a-4356-89bc-da3da86d23a9
    at get (C:\Users\58Y520\Documents\RollingScopes\node_server\src\resources\tasks\task.memory.repository.js:18:11)
    at processTicksAndRejections (internal/process/task_queues.js:97:5)
    at runNextTicks (internal/process/task_queues.js:66:3)
    at processImmediate (internal/timers.js:434:9)
[31m[31merror[31m[39m:   uncaughtException: connectToDB is not a function
TypeError: connectToDB is not a function
    at Object.<anonymous> (C:\Users\58Y520\Documents\RollingScopes\node_server\src\server.js:6:1)
    at Module._compile (internal/modules/cjs/loader.js:1015:30)
    at Object.Module._extensions..js (internal/modules/cjs/loader.js:1035:10)
    at Module.load (internal/modules/cjs/loader.js:879:32)
    at Function.Module._load (internal/modules/cjs/loader.js:724:14)
    at Function.executeUserEntryPoint [as runMain] (internal/modules/run_main.js:60:12)
    at internal/main/run_main_module.js:17:47
[31m[31merror[31m[39m:   uncaughtException: connectToDB is not a function
TypeError: connectToDB is not a function
    at Object.<anonymous> (C:\Users\58Y520\Documents\RollingScopes\node_server\src\server.js:6:1)
    at Module._compile (internal/modules/cjs/loader.js:1015:30)
    at Object.Module._extensions..js (internal/modules/cjs/loader.js:1035:10)
    at Module.load (internal/modules/cjs/loader.js:879:32)
    at Function.Module._load (internal/modules/cjs/loader.js:724:14)
    at Function.executeUserEntryPoint [as runMain] (internal/modules/run_main.js:60:12)
    at internal/main/run_main_module.js:17:47
[31m[31merror[31m[39m:   uncaughtException: Couldn't find a task with id: 440fbe8c-2c0c-4990-a0f8-b826883bc69c
Error: Couldn't find a task with id: 440fbe8c-2c0c-4990-a0f8-b826883bc69c
    at get (C:\Users\58Y520\Documents\RollingScopes\node_server\src\resources\tasks\task.memory.repository.js:18:11)
    at runMicrotasks (<anonymous>)
    at processTicksAndRejections (internal/process/task_queues.js:97:5)
    at runNextTicks (internal/process/task_queues.js:66:3)
    at processImmediate (internal/timers.js:434:9)
